mode: atomic
github.com/c2fo/vfs/v3/backend/backend.go:14.46,18.2 3 3
github.com/c2fo/vfs/v3/backend/backend.go:21.30,25.2 3 1
github.com/c2fo/vfs/v3/backend/backend.go:28.22,33.2 3 1
github.com/c2fo/vfs/v3/backend/backend.go:36.42,40.2 3 1
github.com/c2fo/vfs/v3/backend/backend.go:43.36,46.19 3 3
github.com/c2fo/vfs/v3/backend/backend.go:49.2,51.10 3 3
github.com/c2fo/vfs/v3/backend/backend.go:46.19,48.3 1 5
github.com/c2fo/vfs/v3/backend/backend.go:54.13,56.2 1 1
github.com/c2fo/vfs/v3/utils/utils.go:30.43,36.29 4 7
github.com/c2fo/vfs/v3/utils/utils.go:41.2,41.57 1 7
github.com/c2fo/vfs/v3/utils/utils.go:44.2,44.13 1 7
github.com/c2fo/vfs/v3/utils/utils.go:36.29,38.3 1 0
github.com/c2fo/vfs/v3/utils/utils.go:41.57,43.3 1 5
github.com/c2fo/vfs/v3/utils/utils.go:48.36,50.2 1 2
github.com/c2fo/vfs/v3/utils/utils.go:53.44,55.2 1 2
github.com/c2fo/vfs/v3/utils/utils.go:58.45,59.52 1 4
github.com/c2fo/vfs/v3/utils/utils.go:62.2,62.18 1 1
github.com/c2fo/vfs/v3/utils/utils.go:59.52,61.3 1 3
github.com/c2fo/vfs/v3/utils/utils.go:66.40,69.2 2 3
github.com/c2fo/vfs/v3/utils/utils.go:73.54,74.85 1 3
github.com/c2fo/vfs/v3/utils/utils.go:77.2,77.12 1 1
github.com/c2fo/vfs/v3/utils/utils.go:74.85,76.3 1 2
github.com/c2fo/vfs/v3/utils/utils.go:82.47,83.44 1 3
github.com/c2fo/vfs/v3/utils/utils.go:95.2,95.12 1 2
github.com/c2fo/vfs/v3/utils/utils.go:83.44,85.3 1 1
github.com/c2fo/vfs/v3/utils/utils.go:85.8,85.22 1 2
github.com/c2fo/vfs/v3/utils/utils.go:85.22,87.17 2 1
github.com/c2fo/vfs/v3/utils/utils.go:87.17,89.4 1 0
github.com/c2fo/vfs/v3/utils/utils.go:90.8,91.52 1 1
github.com/c2fo/vfs/v3/utils/utils.go:91.52,93.4 1 0
github.com/c2fo/vfs/v3/backend/os/file.go:22.42,25.16 3 53
github.com/c2fo/vfs/v3/backend/os/file.go:29.2,34.56 4 53
github.com/c2fo/vfs/v3/backend/os/file.go:25.16,27.3 1 0
github.com/c2fo/vfs/v3/backend/os/file.go:38.31,40.16 2 5
github.com/c2fo/vfs/v3/backend/os/file.go:43.2,43.12 1 5
github.com/c2fo/vfs/v3/backend/os/file.go:40.16,42.3 1 5
github.com/c2fo/vfs/v3/backend/os/file.go:47.51,49.16 2 1
github.com/c2fo/vfs/v3/backend/os/file.go:53.2,54.24 2 1
github.com/c2fo/vfs/v3/backend/os/file.go:49.16,51.3 1 0
github.com/c2fo/vfs/v3/backend/os/file.go:58.30,60.2 1 3
github.com/c2fo/vfs/v3/backend/os/file.go:63.30,65.2 1 58
github.com/c2fo/vfs/v3/backend/os/file.go:68.39,70.16 2 7
github.com/c2fo/vfs/v3/backend/os/file.go:74.2,74.34 1 7
github.com/c2fo/vfs/v3/backend/os/file.go:70.16,72.3 1 0
github.com/c2fo/vfs/v3/backend/os/file.go:78.30,79.19 1 12
github.com/c2fo/vfs/v3/backend/os/file.go:84.2,85.16 2 11
github.com/c2fo/vfs/v3/backend/os/file.go:88.2,88.12 1 11
github.com/c2fo/vfs/v3/backend/os/file.go:79.19,82.3 1 1
github.com/c2fo/vfs/v3/backend/os/file.go:85.16,87.3 1 11
github.com/c2fo/vfs/v3/backend/os/file.go:92.44,93.43 1 14
github.com/c2fo/vfs/v3/backend/os/file.go:99.2,100.16 2 14
github.com/c2fo/vfs/v3/backend/os/file.go:104.2,104.21 1 14
github.com/c2fo/vfs/v3/backend/os/file.go:93.43,95.3 1 0
github.com/c2fo/vfs/v3/backend/os/file.go:95.8,95.20 1 14
github.com/c2fo/vfs/v3/backend/os/file.go:95.20,97.3 1 0
github.com/c2fo/vfs/v3/backend/os/file.go:100.16,102.3 1 0
github.com/c2fo/vfs/v3/backend/os/file.go:110.62,112.16 2 2
github.com/c2fo/vfs/v3/backend/os/file.go:116.2,116.34 1 2
github.com/c2fo/vfs/v3/backend/os/file.go:112.16,114.3 1 0
github.com/c2fo/vfs/v3/backend/os/file.go:120.39,122.16 2 26
github.com/c2fo/vfs/v3/backend/os/file.go:131.2,131.18 1 20
github.com/c2fo/vfs/v3/backend/os/file.go:122.16,124.25 1 6
github.com/c2fo/vfs/v3/backend/os/file.go:128.3,128.20 1 0
github.com/c2fo/vfs/v3/backend/os/file.go:124.25,126.4 1 6
github.com/c2fo/vfs/v3/backend/os/file.go:135.51,137.16 2 6
github.com/c2fo/vfs/v3/backend/os/file.go:140.2,140.22 1 6
github.com/c2fo/vfs/v3/backend/os/file.go:137.16,139.3 1 0
github.com/c2fo/vfs/v3/backend/os/file.go:144.40,146.2 1 23
github.com/c2fo/vfs/v3/backend/os/file.go:150.50,152.16 2 1
github.com/c2fo/vfs/v3/backend/os/file.go:156.2,157.12 2 1
github.com/c2fo/vfs/v3/backend/os/file.go:152.16,154.3 1 0
github.com/c2fo/vfs/v3/backend/os/file.go:162.72,164.16 2 1
github.com/c2fo/vfs/v3/backend/os/file.go:168.2,169.19 2 1
github.com/c2fo/vfs/v3/backend/os/file.go:172.2,173.15 2 1
github.com/c2fo/vfs/v3/backend/os/file.go:164.16,166.3 1 0
github.com/c2fo/vfs/v3/backend/os/file.go:169.19,171.3 1 0
github.com/c2fo/vfs/v3/backend/os/file.go:177.50,180.2 2 2
github.com/c2fo/vfs/v3/backend/os/file.go:183.72,185.2 1 2
github.com/c2fo/vfs/v3/backend/os/file.go:188.29,190.2 1 3
github.com/c2fo/vfs/v3/backend/os/file.go:193.32,195.2 1 1
github.com/c2fo/vfs/v3/backend/os/file.go:197.83,199.16 2 6
github.com/c2fo/vfs/v3/backend/os/file.go:203.2,203.52 1 6
github.com/c2fo/vfs/v3/backend/os/file.go:206.2,207.22 2 6
github.com/c2fo/vfs/v3/backend/os/file.go:211.2,212.28 2 6
github.com/c2fo/vfs/v3/backend/os/file.go:215.2,215.21 1 6
github.com/c2fo/vfs/v3/backend/os/file.go:199.16,201.3 1 0
github.com/c2fo/vfs/v3/backend/os/file.go:203.52,205.3 1 0
github.com/c2fo/vfs/v3/backend/os/file.go:207.22,209.3 1 0
github.com/c2fo/vfs/v3/backend/os/file.go:212.28,214.3 1 0
github.com/c2fo/vfs/v3/backend/os/file.go:218.45,219.19 1 22
github.com/c2fo/vfs/v3/backend/os/file.go:224.2,225.72 2 14
github.com/c2fo/vfs/v3/backend/os/file.go:229.2,231.18 3 14
github.com/c2fo/vfs/v3/backend/os/file.go:219.19,221.3 1 8
github.com/c2fo/vfs/v3/backend/os/file.go:225.72,227.3 1 0
github.com/c2fo/vfs/v3/backend/os/fileSystem.go:17.77,20.2 2 53
github.com/c2fo/vfs/v3/backend/os/fileSystem.go:23.85,28.2 1 1
github.com/c2fo/vfs/v3/backend/os/fileSystem.go:31.37,33.2 1 0
github.com/c2fo/vfs/v3/backend/os/fileSystem.go:36.39,38.2 1 6
github.com/c2fo/vfs/v3/backend/os/fileSystem.go:40.13,42.2 1 1
github.com/c2fo/vfs/v3/backend/os/location.go:22.63,24.2 1 3
github.com/c2fo/vfs/v3/backend/os/location.go:28.54,30.16 2 1
github.com/c2fo/vfs/v3/backend/os/location.go:34.2,34.22 1 1
github.com/c2fo/vfs/v3/backend/os/location.go:30.16,32.3 1 0
github.com/c2fo/vfs/v3/backend/os/location.go:40.45,41.43 1 2
github.com/c2fo/vfs/v3/backend/os/location.go:41.43,41.58 1 3
github.com/c2fo/vfs/v3/backend/os/location.go:45.66,46.57 1 3
github.com/c2fo/vfs/v3/backend/os/location.go:49.2,49.43 1 2
github.com/c2fo/vfs/v3/backend/os/location.go:46.57,48.3 1 1
github.com/c2fo/vfs/v3/backend/os/location.go:49.43,51.3 1 3
github.com/c2fo/vfs/v3/backend/os/location.go:55.72,56.43 1 2
github.com/c2fo/vfs/v3/backend/os/location.go:56.43,58.3 1 3
github.com/c2fo/vfs/v3/backend/os/location.go:61.66,64.16 3 6
github.com/c2fo/vfs/v3/backend/os/location.go:71.2,71.12 1 6
github.com/c2fo/vfs/v3/backend/os/location.go:84.2,84.19 1 6
github.com/c2fo/vfs/v3/backend/os/location.go:64.16,66.3 1 0
github.com/c2fo/vfs/v3/backend/os/location.go:71.12,73.17 2 3
github.com/c2fo/vfs/v3/backend/os/location.go:77.3,77.32 1 3
github.com/c2fo/vfs/v3/backend/os/location.go:73.17,75.4 1 0
github.com/c2fo/vfs/v3/backend/os/location.go:77.32,78.46 1 12
github.com/c2fo/vfs/v3/backend/os/location.go:78.46,80.5 1 5
github.com/c2fo/vfs/v3/backend/os/location.go:88.36,90.2 1 17
github.com/c2fo/vfs/v3/backend/os/location.go:93.34,95.2 1 105
github.com/c2fo/vfs/v3/backend/os/location.go:100.43,102.16 2 9
github.com/c2fo/vfs/v3/backend/os/location.go:108.2,108.18 1 4
github.com/c2fo/vfs/v3/backend/os/location.go:102.16,103.25 1 5
github.com/c2fo/vfs/v3/backend/os/location.go:106.3,106.20 1 0
github.com/c2fo/vfs/v3/backend/os/location.go:103.25,105.4 1 5
github.com/c2fo/vfs/v3/backend/os/location.go:112.33,114.2 1 3
github.com/c2fo/vfs/v3/backend/os/location.go:117.36,119.2 1 1
github.com/c2fo/vfs/v3/backend/os/location.go:124.75,126.16 2 3
github.com/c2fo/vfs/v3/backend/os/location.go:130.2,134.8 2 3
github.com/c2fo/vfs/v3/backend/os/location.go:126.16,128.3 1 0
github.com/c2fo/vfs/v3/backend/os/location.go:139.57,142.2 2 1
github.com/c2fo/vfs/v3/backend/os/location.go:145.48,147.2 1 12
github.com/c2fo/vfs/v3/backend/s3/file.go:32.65,33.15 1 43
github.com/c2fo/vfs/v3/backend/s3/file.go:36.2,36.31 1 42
github.com/c2fo/vfs/v3/backend/s3/file.go:39.2,44.8 2 39
github.com/c2fo/vfs/v3/backend/s3/file.go:33.15,35.3 1 1
github.com/c2fo/vfs/v3/backend/s3/file.go:36.31,38.3 1 3
github.com/c2fo/vfs/v3/backend/s3/file.go:50.51,52.16 2 2
github.com/c2fo/vfs/v3/backend/s3/file.go:55.2,55.31 1 1
github.com/c2fo/vfs/v3/backend/s3/file.go:52.16,54.3 1 1
github.com/c2fo/vfs/v3/backend/s3/file.go:59.30,61.2 1 10
github.com/c2fo/vfs/v3/backend/s3/file.go:64.30,66.2 1 6
github.com/c2fo/vfs/v3/backend/s3/file.go:70.39,73.16 3 14
github.com/c2fo/vfs/v3/backend/s3/file.go:76.2,76.71 1 14
github.com/c2fo/vfs/v3/backend/s3/file.go:82.2,82.18 1 13
github.com/c2fo/vfs/v3/backend/s3/file.go:73.16,75.3 1 1
github.com/c2fo/vfs/v3/backend/s3/file.go:76.71,78.3 1 1
github.com/c2fo/vfs/v3/backend/s3/file.go:78.8,78.23 1 13
github.com/c2fo/vfs/v3/backend/s3/file.go:78.23,80.3 1 0
github.com/c2fo/vfs/v3/backend/s3/file.go:86.39,88.16 2 2
github.com/c2fo/vfs/v3/backend/s3/file.go:91.2,91.41 1 2
github.com/c2fo/vfs/v3/backend/s3/file.go:88.16,90.3 1 0
github.com/c2fo/vfs/v3/backend/s3/file.go:96.40,102.2 1 7
github.com/c2fo/vfs/v3/backend/s3/file.go:108.54,109.38 1 4
github.com/c2fo/vfs/v3/backend/s3/file.go:113.2,113.55 1 1
github.com/c2fo/vfs/v3/backend/s3/file.go:117.2,117.45 1 1
github.com/c2fo/vfs/v3/backend/s3/file.go:121.2,121.18 1 1
github.com/c2fo/vfs/v3/backend/s3/file.go:109.38,111.3 1 3
github.com/c2fo/vfs/v3/backend/s3/file.go:113.55,115.3 1 0
github.com/c2fo/vfs/v3/backend/s3/file.go:117.45,119.3 1 0
github.com/c2fo/vfs/v3/backend/s3/file.go:127.54,128.49 1 2
github.com/c2fo/vfs/v3/backend/s3/file.go:132.2,132.19 1 1
github.com/c2fo/vfs/v3/backend/s3/file.go:128.49,130.3 1 1
github.com/c2fo/vfs/v3/backend/s3/file.go:139.72,141.16 2 2
github.com/c2fo/vfs/v3/backend/s3/file.go:144.2,145.24 2 1
github.com/c2fo/vfs/v3/backend/s3/file.go:141.16,143.3 1 1
github.com/c2fo/vfs/v3/backend/s3/file.go:151.72,153.46 1 4
github.com/c2fo/vfs/v3/backend/s3/file.go:157.2,158.16 2 1
github.com/c2fo/vfs/v3/backend/s3/file.go:162.2,162.47 1 1
github.com/c2fo/vfs/v3/backend/s3/file.go:166.2,166.42 1 1
github.com/c2fo/vfs/v3/backend/s3/file.go:170.2,170.36 1 1
github.com/c2fo/vfs/v3/backend/s3/file.go:173.2,173.21 1 1
github.com/c2fo/vfs/v3/backend/s3/file.go:153.46,155.3 1 3
github.com/c2fo/vfs/v3/backend/s3/file.go:158.16,160.3 1 0
github.com/c2fo/vfs/v3/backend/s3/file.go:162.47,164.3 1 0
github.com/c2fo/vfs/v3/backend/s3/file.go:166.42,168.3 1 0
github.com/c2fo/vfs/v3/backend/s3/file.go:170.36,172.3 1 0
github.com/c2fo/vfs/v3/backend/s3/file.go:180.31,182.34 2 4
github.com/c2fo/vfs/v3/backend/s3/file.go:186.2,187.16 2 4
github.com/c2fo/vfs/v3/backend/s3/file.go:191.2,195.12 2 4
github.com/c2fo/vfs/v3/backend/s3/file.go:182.34,184.3 1 0
github.com/c2fo/vfs/v3/backend/s3/file.go:187.16,189.3 1 0
github.com/c2fo/vfs/v3/backend/s3/file.go:200.30,202.23 1 12
github.com/c2fo/vfs/v3/backend/s3/file.go:213.2,213.26 1 12
github.com/c2fo/vfs/v3/backend/s3/file.go:229.2,231.34 2 12
github.com/c2fo/vfs/v3/backend/s3/file.go:202.23,206.40 3 3
github.com/c2fo/vfs/v3/backend/s3/file.go:210.3,210.19 1 3
github.com/c2fo/vfs/v3/backend/s3/file.go:206.40,208.4 1 0
github.com/c2fo/vfs/v3/backend/s3/file.go:213.26,215.17 2 0
github.com/c2fo/vfs/v3/backend/s3/file.go:219.3,224.17 5 0
github.com/c2fo/vfs/v3/backend/s3/file.go:215.17,217.4 1 0
github.com/c2fo/vfs/v3/backend/s3/file.go:224.17,226.4 1 0
github.com/c2fo/vfs/v3/backend/s3/file.go:236.50,237.42 1 8
github.com/c2fo/vfs/v3/backend/s3/file.go:240.2,240.27 1 8
github.com/c2fo/vfs/v3/backend/s3/file.go:237.42,239.3 1 0
github.com/c2fo/vfs/v3/backend/s3/file.go:245.62,246.42 1 2
github.com/c2fo/vfs/v3/backend/s3/file.go:249.2,249.40 1 2
github.com/c2fo/vfs/v3/backend/s3/file.go:246.42,248.3 1 0
github.com/c2fo/vfs/v3/backend/s3/file.go:256.56,257.26 1 1
github.com/c2fo/vfs/v3/backend/s3/file.go:269.2,269.34 1 1
github.com/c2fo/vfs/v3/backend/s3/file.go:257.26,268.3 1 1
github.com/c2fo/vfs/v3/backend/s3/file.go:273.29,275.2 1 3
github.com/c2fo/vfs/v3/backend/s3/file.go:278.32,280.2 1 1
github.com/c2fo/vfs/v3/backend/s3/file.go:285.62,288.16 3 18
github.com/c2fo/vfs/v3/backend/s3/file.go:291.2,291.43 1 18
github.com/c2fo/vfs/v3/backend/s3/file.go:288.16,290.3 1 0
github.com/c2fo/vfs/v3/backend/s3/file.go:294.59,297.16 3 3
github.com/c2fo/vfs/v3/backend/s3/file.go:300.2,302.12 2 3
github.com/c2fo/vfs/v3/backend/s3/file.go:297.16,299.3 1 0
github.com/c2fo/vfs/v3/backend/s3/file.go:305.80,309.16 3 3
github.com/c2fo/vfs/v3/backend/s3/file.go:312.2,313.16 2 3
github.com/c2fo/vfs/v3/backend/s3/file.go:317.2,317.95 1 2
github.com/c2fo/vfs/v3/backend/s3/file.go:309.16,311.3 1 0
github.com/c2fo/vfs/v3/backend/s3/file.go:313.16,315.3 1 1
github.com/c2fo/vfs/v3/backend/s3/file.go:320.38,321.23 1 10
github.com/c2fo/vfs/v3/backend/s3/file.go:329.2,329.12 1 10
github.com/c2fo/vfs/v3/backend/s3/file.go:321.23,323.17 2 3
github.com/c2fo/vfs/v3/backend/s3/file.go:326.3,326.29 1 3
github.com/c2fo/vfs/v3/backend/s3/file.go:323.17,325.4 1 0
github.com/c2fo/vfs/v3/backend/s3/file.go:332.58,334.16 2 3
github.com/c2fo/vfs/v3/backend/s3/file.go:338.2,339.16 2 3
github.com/c2fo/vfs/v3/backend/s3/file.go:343.2,343.58 1 3
github.com/c2fo/vfs/v3/backend/s3/file.go:348.2,348.46 1 3
github.com/c2fo/vfs/v3/backend/s3/file.go:353.2,353.21 1 3
github.com/c2fo/vfs/v3/backend/s3/file.go:334.16,336.3 1 0
github.com/c2fo/vfs/v3/backend/s3/file.go:339.16,341.3 1 0
github.com/c2fo/vfs/v3/backend/s3/file.go:343.58,345.3 1 0
github.com/c2fo/vfs/v3/backend/s3/file.go:348.46,350.3 1 0
github.com/c2fo/vfs/v3/backend/s3/file.go:356.52,358.2 1 3
github.com/c2fo/vfs/v3/backend/s3/file.go:360.51,362.16 2 3
github.com/c2fo/vfs/v3/backend/s3/file.go:365.2,366.16 2 3
github.com/c2fo/vfs/v3/backend/s3/file.go:370.2,370.28 1 3
github.com/c2fo/vfs/v3/backend/s3/file.go:362.16,364.3 1 0
github.com/c2fo/vfs/v3/backend/s3/file.go:366.16,368.3 1 0
github.com/c2fo/vfs/v3/backend/s3/file.go:374.50,381.2 2 3
github.com/c2fo/vfs/v3/backend/s3/file.go:388.60,390.46 1 12
github.com/c2fo/vfs/v3/backend/s3/file.go:395.2,395.19 1 12
github.com/c2fo/vfs/v3/backend/s3/file.go:398.2,399.6 2 12
github.com/c2fo/vfs/v3/backend/s3/file.go:418.2,418.12 1 12
github.com/c2fo/vfs/v3/backend/s3/file.go:390.46,392.3 1 0
github.com/c2fo/vfs/v3/backend/s3/file.go:395.19,397.3 1 0
github.com/c2fo/vfs/v3/backend/s3/file.go:399.6,400.28 1 12
github.com/c2fo/vfs/v3/backend/s3/file.go:405.3,406.17 2 12
github.com/c2fo/vfs/v3/backend/s3/file.go:410.3,410.12 1 12
github.com/c2fo/vfs/v3/backend/s3/file.go:414.3,415.30 2 0
github.com/c2fo/vfs/v3/backend/s3/file.go:400.28,402.4 1 0
github.com/c2fo/vfs/v3/backend/s3/file.go:406.17,408.4 1 0
github.com/c2fo/vfs/v3/backend/s3/file.go:410.12,411.9 1 12
github.com/c2fo/vfs/v3/backend/s3/fileSystem.go:24.77,26.2 1 39
github.com/c2fo/vfs/v3/backend/s3/fileSystem.go:29.85,36.2 2 4
github.com/c2fo/vfs/v3/backend/s3/fileSystem.go:39.37,41.2 1 1
github.com/c2fo/vfs/v3/backend/s3/fileSystem.go:44.39,46.2 1 5
github.com/c2fo/vfs/v3/backend/s3/fileSystem.go:50.55,51.22 1 39
github.com/c2fo/vfs/v3/backend/s3/fileSystem.go:66.2,66.23 1 39
github.com/c2fo/vfs/v3/backend/s3/fileSystem.go:51.22,52.24 1 1
github.com/c2fo/vfs/v3/backend/s3/fileSystem.go:56.3,56.43 1 1
github.com/c2fo/vfs/v3/backend/s3/fileSystem.go:52.24,54.4 1 1
github.com/c2fo/vfs/v3/backend/s3/fileSystem.go:56.43,59.18 3 1
github.com/c2fo/vfs/v3/backend/s3/fileSystem.go:59.18,61.5 1 0
github.com/c2fo/vfs/v3/backend/s3/fileSystem.go:62.9,64.4 1 0
github.com/c2fo/vfs/v3/backend/s3/fileSystem.go:70.65,73.36 1 2
github.com/c2fo/vfs/v3/backend/s3/fileSystem.go:78.2,78.11 1 2
github.com/c2fo/vfs/v3/backend/s3/fileSystem.go:73.36,77.3 2 1
github.com/c2fo/vfs/v3/backend/s3/fileSystem.go:82.66,83.23 1 1
github.com/c2fo/vfs/v3/backend/s3/fileSystem.go:88.2,88.11 1 1
github.com/c2fo/vfs/v3/backend/s3/fileSystem.go:84.29,86.19 2 1
github.com/c2fo/vfs/v3/backend/s3/fileSystem.go:92.34,94.2 1 2
github.com/c2fo/vfs/v3/backend/s3/fileSystem.go:96.13,99.2 1 1
github.com/c2fo/vfs/v3/backend/s3/location.go:25.45,28.2 2 3
github.com/c2fo/vfs/v3/backend/s3/location.go:32.66,33.57 1 1
github.com/c2fo/vfs/v3/backend/s3/location.go:36.2,38.45 3 1
github.com/c2fo/vfs/v3/backend/s3/location.go:33.57,35.3 1 0
github.com/c2fo/vfs/v3/backend/s3/location.go:43.72,45.16 2 1
github.com/c2fo/vfs/v3/backend/s3/location.go:49.2,50.27 2 1
github.com/c2fo/vfs/v3/backend/s3/location.go:55.2,55.26 1 1
github.com/c2fo/vfs/v3/backend/s3/location.go:45.16,47.3 1 0
github.com/c2fo/vfs/v3/backend/s3/location.go:50.27,51.29 1 4
github.com/c2fo/vfs/v3/backend/s3/location.go:51.29,53.4 1 2
github.com/c2fo/vfs/v3/backend/s3/location.go:59.36,61.2 1 6
github.com/c2fo/vfs/v3/backend/s3/location.go:64.34,66.2 1 14
github.com/c2fo/vfs/v3/backend/s3/location.go:71.43,74.16 3 2
github.com/c2fo/vfs/v3/backend/s3/location.go:77.2,78.16 2 2
github.com/c2fo/vfs/v3/backend/s3/location.go:85.2,85.18 1 1
github.com/c2fo/vfs/v3/backend/s3/location.go:74.16,76.3 1 0
github.com/c2fo/vfs/v3/backend/s3/location.go:78.16,79.58 1 1
github.com/c2fo/vfs/v3/backend/s3/location.go:82.3,82.20 1 0
github.com/c2fo/vfs/v3/backend/s3/location.go:79.58,81.4 1 1
github.com/c2fo/vfs/v3/backend/s3/location.go:91.75,95.16 4 2
github.com/c2fo/vfs/v3/backend/s3/location.go:98.2,98.25 1 2
github.com/c2fo/vfs/v3/backend/s3/location.go:95.16,97.3 1 0
github.com/c2fo/vfs/v3/backend/s3/location.go:103.57,107.2 3 7
github.com/c2fo/vfs/v3/backend/s3/location.go:111.63,118.2 2 3
github.com/c2fo/vfs/v3/backend/s3/location.go:121.54,123.16 2 1
github.com/c2fo/vfs/v3/backend/s3/location.go:127.2,127.22 1 1
github.com/c2fo/vfs/v3/backend/s3/location.go:123.16,125.3 1 0
github.com/c2fo/vfs/v3/backend/s3/location.go:131.48,133.2 1 5
github.com/c2fo/vfs/v3/backend/s3/location.go:136.33,138.2 1 1
github.com/c2fo/vfs/v3/backend/s3/location.go:141.36,143.2 1 1
github.com/c2fo/vfs/v3/backend/s3/location.go:149.83,152.16 3 4
github.com/c2fo/vfs/v3/backend/s3/location.go:155.2,155.6 1 4
github.com/c2fo/vfs/v3/backend/s3/location.go:172.2,172.18 1 4
github.com/c2fo/vfs/v3/backend/s3/location.go:152.16,154.3 1 0
github.com/c2fo/vfs/v3/backend/s3/location.go:155.6,157.17 2 5
github.com/c2fo/vfs/v3/backend/s3/location.go:160.3,165.37 3 5
github.com/c2fo/vfs/v3/backend/s3/location.go:157.17,159.4 1 0
github.com/c2fo/vfs/v3/backend/s3/location.go:165.37,167.4 1 1
github.com/c2fo/vfs/v3/backend/s3/location.go:167.9,168.9 1 4
github.com/c2fo/vfs/v3/backend/s3/location.go:175.63,177.2 1 4
github.com/c2fo/vfs/v3/backend/s3/location.go:179.84,181.33 2 5
github.com/c2fo/vfs/v3/backend/s3/location.go:186.2,186.13 1 5
github.com/c2fo/vfs/v3/backend/s3/location.go:181.33,182.36 1 12
github.com/c2fo/vfs/v3/backend/s3/location.go:182.36,184.4 1 12
github.com/c2fo/vfs/v3/backend/s3/options.go:28.52,34.22 2 4
github.com/c2fo/vfs/v3/backend/s3/options.go:41.2,45.16 3 4
github.com/c2fo/vfs/v3/backend/s3/options.go:48.2,58.16 3 4
github.com/c2fo/vfs/v3/backend/s3/options.go:63.2,63.23 1 4
github.com/c2fo/vfs/v3/backend/s3/options.go:34.22,36.3 1 1
github.com/c2fo/vfs/v3/backend/s3/options.go:36.8,36.62 1 3
github.com/c2fo/vfs/v3/backend/s3/options.go:36.62,38.3 1 1
github.com/c2fo/vfs/v3/backend/s3/options.go:45.16,47.3 1 0
github.com/c2fo/vfs/v3/backend/s3/options.go:58.16,60.3 1 0
github.com/c2fo/vfs/v3/backend/s3/options.go:67.79,72.56 2 4
github.com/c2fo/vfs/v3/backend/s3/options.go:91.2,110.16 8 4
github.com/c2fo/vfs/v3/backend/s3/options.go:113.2,120.15 2 4
github.com/c2fo/vfs/v3/backend/s3/options.go:72.56,81.3 2 1
github.com/c2fo/vfs/v3/backend/s3/options.go:110.16,112.3 1 0
